<?xml version="1.0" encoding="UTF-8"?>
<testsuite name="springmvcbasic.springmvc.SpringmvcApplicationTests" tests="1" skipped="0" failures="0" errors="0" timestamp="2023-09-12T05:24:05" hostname="johyeon-uui-MacBookAir.local" time="0.991">
  <properties/>
  <testcase name="contextLoads()" classname="springmvcbasic.springmvc.SpringmvcApplicationTests" time="0.991"/>
  <system-out><![CDATA[14:24:02.787 [Test worker] INFO org.springframework.test.context.support.AnnotationConfigContextLoaderUtils -- Could not detect default configuration classes for test class [springmvcbasic.springmvc.SpringmvcApplicationTests]: SpringmvcApplicationTests does not declare any static, non-private, non-final, nested classes annotated with @Configuration.
14:24:02.942 [Test worker] INFO org.springframework.boot.test.context.SpringBootTestContextBootstrapper -- Found @SpringBootConfiguration springmvcbasic.springmvc.SpringmvcApplication for test class springmvcbasic.springmvc.SpringmvcApplicationTests

  .   ____          _            __ _ _
 /\\ / ___'_ __ _ _(_)_ __  __ _ \ \ \ \
( ( )\___ | '_ | '_| | '_ \/ _` | \ \ \ \
 \\/  ___)| |_)| | | | | || (_| |  ) ) ) )
  '  |____| .__|_| |_|_| |_\__, | / / / /
 =========|_|==============|___/=/_/_/_/
 :: Spring Boot ::                (v3.1.3)

2023-09-12T14:24:03.427+09:00  INFO 4763 --- [    Test worker] s.springmvc.SpringmvcApplicationTests    : Starting SpringmvcApplicationTests using Java 17.0.6 with PID 4763 (started by johyeon-u in /Applications/강의 자료/Spring/springmvc)
2023-09-12T14:24:03.428+09:00  INFO 4763 --- [    Test worker] s.springmvc.SpringmvcApplicationTests    : No active profile set, falling back to 1 default profile: "default"
2023-09-12T14:24:04.984+09:00  INFO 4763 --- [    Test worker] o.s.b.a.w.s.WelcomePageHandlerMapping    : Adding welcome page: class path resource [static/index.html]
2023-09-12T14:24:05.177+09:00  INFO 4763 --- [    Test worker] s.springmvc.SpringmvcApplicationTests    : Started SpringmvcApplicationTests in 2.076 seconds (process running for 3.514)
]]></system-out>
  <system-err><![CDATA[]]></system-err>
</testsuite>
